<?xml version="1.0" encoding="UTF-8"?>
<testsuite xmlns:xsi="http://www.w3.org/2001/XMLSchema-instance" xsi:noNamespaceSchemaLocation="https://maven.apache.org/surefire/maven-surefire-plugin/xsd/surefire-test-report-3.0.xsd" version="3.0" name="com.meuprojeto.tests.CadastroEstudanteTest" time="19.318" tests="2" errors="1" skipped="0" failures="0">
  <properties>
[...]
</properties>
  <testcase name="buscarEstudanteInexistente" classname="com.meuprojeto.tests.CadastroEstudanteTest" time="5.071"/>
  <testcase name="deveCadastrarNovoEstudanteComSucesso" classname="com.meuprojeto.tests.CadastroEstudanteTest" time="13.298">
    <error message="Error {&#10;  message=&apos;Target page, context or browser has been closed&#10;  name=&apos;TargetClosedError&#10;  stack=&apos;TargetClosedError:Target page, context or browser has been closed&#10;Error&#10;    at captureRawStack (/tmp/playwright-java-878864158652107310/package/lib/utils/stackTrace.js:50:17)&#10;    at LongStandingScope._race (/tmp/playwright-java-878864158652107310/package/lib/utils/manualPromise.js:91:52)&#10;    at LongStandingScope.race (/tmp/playwright-java-878864158652107310/package/lib/utils/manualPromise.js:84:17)&#10;    at FrameDispatcher._handleCommand (/tmp/playwright-java-878864158652107310/package/lib/server/dispatchers/dispatcher.js:86:36)&#10;    at DispatcherConnection.dispatch (/tmp/playwright-java-878864158652107310/package/lib/server/dispatchers/dispatcher.js:351:39)&#10;}&#10;Call log:&#10;- waiting for getByPlaceholder(&quot;Busque por nome, CPF...&quot;)&#10;" type="com.microsoft.playwright.PlaywrightException"><![CDATA[com.microsoft.playwright.PlaywrightException: 
Error {
  message='Target page, context or browser has been closed
  name='TargetClosedError
  stack='TargetClosedError:Target page, context or browser has been closed
Error
    at captureRawStack (/tmp/playwright-java-878864158652107310/package/lib/utils/stackTrace.js:50:17)
    at LongStandingScope._race (/tmp/playwright-java-878864158652107310/package/lib/utils/manualPromise.js:91:52)
    at LongStandingScope.race (/tmp/playwright-java-878864158652107310/package/lib/utils/manualPromise.js:84:17)
    at FrameDispatcher._handleCommand (/tmp/playwright-java-878864158652107310/package/lib/server/dispatchers/dispatcher.js:86:36)
    at DispatcherConnection.dispatch (/tmp/playwright-java-878864158652107310/package/lib/server/dispatchers/dispatcher.js:351:39)
}
Call log:
- waiting for getByPlaceholder("Busque por nome, CPF...")

	at com.microsoft.playwright.impl.WaitableResult.get(WaitableResult.java:54)
	at com.microsoft.playwright.impl.ChannelOwner.runUntil(ChannelOwner.java:120)
	at com.microsoft.playwright.impl.Connection.sendMessage(Connection.java:129)
	at com.microsoft.playwright.impl.ChannelOwner.sendMessage(ChannelOwner.java:106)
	at com.microsoft.playwright.impl.FrameImpl.fillImpl(FrameImpl.java:335)
	at com.microsoft.playwright.impl.FrameImpl.lambda$fill$14(FrameImpl.java:325)
	at com.microsoft.playwright.impl.LoggingSupport.lambda$withLogging$0(LoggingSupport.java:36)
	at com.microsoft.playwright.impl.LoggingSupport.withLogging(LoggingSupport.java:47)
	at com.microsoft.playwright.impl.ChannelOwner.withLogging(ChannelOwner.java:89)
	at com.microsoft.playwright.impl.LoggingSupport.withLogging(LoggingSupport.java:35)
	at com.microsoft.playwright.impl.FrameImpl.fill(FrameImpl.java:325)
	at com.microsoft.playwright.impl.LocatorImpl.fill(LocatorImpl.java:210)
	at com.microsoft.playwright.Locator.fill(Locator.java:2908)
	at com.meuprojeto.pages.EstudantesPage.buscarEstudante(EstudantesPage.java:33)
	at com.meuprojeto.tests.CadastroEstudanteTest.deveCadastrarNovoEstudanteComSucesso(CadastroEstudanteTest.java:50)
	at java.base/java.lang.reflect.Method.invoke(Method.java:580)
	at java.base/java.util.ArrayList.forEach(ArrayList.java:1596)
	at java.base/java.util.ArrayList.forEach(ArrayList.java:1596)
Caused by: com.microsoft.playwright.impl.TargetClosedError: Error {
  message='Target page, context or browser has been closed
  name='TargetClosedError
  stack='TargetClosedError:Target page, context or browser has been closed
Error
    at captureRawStack (/tmp/playwright-java-878864158652107310/package/lib/utils/stackTrace.js:50:17)
    at LongStandingScope._race (/tmp/playwright-java-878864158652107310/package/lib/utils/manualPromise.js:91:52)
    at LongStandingScope.race (/tmp/playwright-java-878864158652107310/package/lib/utils/manualPromise.js:84:17)
    at FrameDispatcher._handleCommand (/tmp/playwright-java-878864158652107310/package/lib/server/dispatchers/dispatcher.js:86:36)
    at DispatcherConnection.dispatch (/tmp/playwright-java-878864158652107310/package/lib/server/dispatchers/dispatcher.js:351:39)
}
Call log:
- waiting for getByPlaceholder("Busque por nome, CPF...")

	at com.microsoft.playwright.impl.Connection.dispatch(Connection.java:254)
	at com.microsoft.playwright.impl.Connection.processOneMessage(Connection.java:209)
	at com.microsoft.playwright.impl.ChannelOwner.runUntil(ChannelOwner.java:118)
	... 16 more
]]></error>
  </testcase>
</testsuite>